SF:lib/src/models/marvel_response_model.dart
DA:10,1
DA:18,1
DA:21,3
DA:23,1
DA:24,1
DA:25,1
DA:26,1
DA:27,1
DA:28,1
DA:29,1
DA:33,2
DA:37,1
DA:38,1
DA:39,1
DA:40,1
DA:41,1
DA:42,1
DA:43,3
LF:18
LH:18
end_of_record
SF:lib/src/models/item_model.dart
DA:6,4
DA:11,4
DA:13,4
DA:14,4
DA:15,4
DA:18,4
DA:22,2
DA:23,2
DA:24,2
DA:25,2
LF:10
LH:10
end_of_record
SF:lib/src/models/marvel_character_model.dart.dart
DA:18,2
DA:32,2
DA:34,6
DA:36,2
DA:37,2
DA:38,2
DA:39,2
DA:40,2
DA:41,2
DA:42,2
DA:43,4
DA:44,2
DA:45,4
DA:46,4
DA:47,4
DA:48,4
DA:52,2
DA:56,1
DA:57,1
DA:58,1
DA:59,1
DA:60,1
DA:61,1
DA:62,2
DA:63,1
DA:64,2
DA:65,2
DA:66,2
DA:67,2
DA:68,3
LF:30
LH:30
end_of_record
SF:lib/src/models/section_info_model.dart
DA:9,3
DA:16,3
DA:18,9
DA:20,3
DA:21,3
DA:22,3
DA:23,3
DA:24,3
DA:26,3
DA:29,2
DA:33,2
DA:34,2
DA:35,2
DA:36,2
DA:37,8
DA:38,2
LF:16
LH:16
end_of_record
SF:lib/src/models/thumbnail_model.dart
DA:5,3
DA:10,3
DA:12,3
DA:13,15
DA:14,1
DA:15,3
DA:17,3
DA:18,3
DA:22,2
DA:26,2
DA:27,2
DA:28,2
DA:29,4
LF:13
LH:13
end_of_record
SF:lib/src/models/url_model.dart
DA:5,3
DA:10,3
DA:12,3
DA:13,15
DA:14,4
DA:16,3
DA:18,3
DA:21,2
DA:25,1
DA:26,1
DA:27,2
DA:28,1
LF:12
LH:12
end_of_record
